This is LuaHBTeX, Version 1.14.0 (TeX Live 2022/dev/Debian)  (format=lualatex 2023.2.1)  31 MAY 2024 16:20
 restricted system commands enabled.
**cap.tex
(./cap.tex
LaTeX2e <2021-11-15> patch level 1
Lua module: luaotfload 2021-05-21 3.18 Lua based OpenType font support
Lua module: lualibs 2021-05-20 2.74 ConTeXt Lua standard libraries.
Lua module: lualibs-extended 2021-05-20 2.74 ConTeXt Lua libraries -- extended c
ollection.
luaotfload | conf : Root cache directory is "/home/rishavg/.texlive2021/texmf-va
r/luatex-cache/generic/names".
luaotfload | init : Loading fontloader "fontloader-2021-05-20.lua" from kpse-res
olved path "/usr/share/texlive/texmf-dist/tex/luatex/luaotfload/fontloader-2021-
05-20.lua".
Lua-only attribute luaotfload@noligature = 1
Lua-only attribute luaotfload@syllabe = 2
luaotfload | init : Context OpenType loader version 3.116
Inserting `luaotfload.node_processor' at position 1 in `pre_linebreak_filter'.
Inserting `luaotfload.node_processor' at position 1 in `hpack_filter'.
Inserting `luaotfload.glyph_stream' at position 1 in `glyph_stream_provider'.
Inserting `luaotfload.define_font' at position 1 in `define_font'.
Lua-only attribute luaotfload_color_attribute = 3
luaotfload | conf : Root cache directory is "/home/rishavg/.texlive2021/texmf-va
r/luatex-cache/generic/names".
Inserting `luaotfload.harf.strip_prefix' at position 1 in `find_opentype_file'.
Inserting `luaotfload.harf.strip_prefix' at position 1 in `find_truetype_file'.
Inserting `luaotfload.harf.finalize_vlist' at position 1 in `post_linebreak_filt
er'.
Inserting `luaotfload.harf.finalize_hlist' at position 2 in `hpack_filter'.
Inserting `luaotfload.cleanup_files' at position 1 in `wrapup_run'.
Inserting `luaotfload.harf.finalize_unicode' at position 1 in `finish_pdffile'.
Inserting `luaotfload.glyphinfo' at position 1 in `glyph_info'.
Lua-only attribute luaotfload.letterspace_done = 4
Inserting `luaotfload.aux.set_sscale_dimens' at position 1 in `luaotfload.patch_
font'.
Inserting `luaotfload.aux.set_font_index' at position 2 in `luaotfload.patch_fon
t'.
Inserting `luaotfload.aux.patch_cambria_domh' at position 3 in `luaotfload.patch
_font'.
Inserting `luaotfload.aux.fixup_fontdata' at position 1 in `luaotfload.patch_fon
t_unsafe'.
Inserting `luaotfload.aux.set_capheight' at position 4 in `luaotfload.patch_font
'.
Inserting `luaotfload.aux.set_xheight' at position 5 in `luaotfload.patch_font'.
Inserting `luaotfload.rewrite_fontname' at position 6 in `luaotfload.patch_font'
. L3 programming layer <2022-01-21>
Inserting `tracingstacklevels' at position 1 in `input_level_string'.

! LaTeX Error: Missing \begin{document}.

See the LaTeX manual or LaTeX Companion for explanation.
Type  H <return>  for immediate help.
 ...                                              
                                                  
l.1 \begin{flushleft}
                   
You're in trouble here.  Try typing  <return>  to proceed.
If that doesn't work, type  X <return>  to quit.


Overfull \hbox (20.0pt too wide) in paragraph at lines 1--1
[] 
 []

LaTeX Font Info:    External font `cmex10' loaded for size
(Font)              <7> on input line 2.
LaTeX Font Info:    External font `cmex10' loaded for size
(Font)              <5> on input line 2.

Overfull \hbox (37.50697pt too wide) in paragraph at lines 2--4
\OML/cmm/m/it/10 FPRAS$ 
 []


Overfull \hbox (12.77782pt too wide) in paragraph at lines 2--4
\OT1/cmr/m/n/10 0 \OMS/cmsy/m/n/10 ^^@ 
 []


Overfull \hbox (5.00002pt too wide) in paragraph at lines 2--4
\OT1/cmr/m/n/10 1$ 
 []


Overfull \hbox (12.77782pt too wide) in paragraph at lines 2--4
\OT1/cmr/m/n/10 0 \OMS/cmsy/m/n/10 ^^@ 
 []


Overfull \hbox (5.00002pt too wide) in paragraph at lines 2--4
\OT1/cmr/m/n/10 1$ 
 []


Overfull \hbox (7.50002pt too wide) in paragraph at lines 2--4
\OML/cmm/m/it/10 A$ 
 []

)
! Emergency stop.
<*> cap.tex
        
*** (job aborted, no legal \end found)



Here is how much of LuaTeX's memory you used:
 21 strings out of 477805
 100000,383344 words of node,token memory allocated 5942 words of node memory still in use:
   16 hlist, 1 disc, 2 local_par, 1 dir, 4 math, 155 glue, 7 kern, 9 penalty, 61
0 glyph, 16 attribute, 39 glue_spec, 16 attribute_list nodes
   avail lists: 2:5,4:58,5:10,7:131,8:5,10:57
 20837 multiletter control sequences out of 65536+600000
 24 fonts using 1213367 bytes
 18i,1n,12p,520b,108s stack positions out of 5000i,500n,10000p,200000b,80000s
!  ==> Fatal error occurred, no output PDF file produced!
